<?xml version="1.0" encoding="UTF-8"?><testsuite errors="0" failures="0" name="com.bestbuy.api.bestbuyapiinfo.CategoriesCRUDWithSteps" skipped="0" tests="4" time="10.43" timestamp="2022-01-11T23:24:08.741Z[Europe/London]"><testcase classname="com.bestbuy.api.bestbuyapiinfo.CategoriesCRUDWithSteps" name="Get all the categories"/><testcase classname="com.bestbuy.api.bestbuyapiinfo.CategoriesCRUDWithSteps" name="Create new category"/><testcase classname="com.bestbuy.api.bestbuyapiinfo.CategoriesCRUDWithSteps" name="Update  category data"/><testcase classname="com.bestbuy.api.bestbuyapiinfo.CategoriesCRUDWithSteps" name="Delete category by id"/></testsuite>