<?xml version="1.0" encoding="UTF-8"?><testsuite errors="0" failures="1" name="com.bestbuy.api.bestbuyapiinfo.CategoriesCRUDWithSteps" skipped="0" tests="1" time="2.62" timestamp="2022-01-11T15:33:40.292Z[Europe/London]"><testcase classname="com.bestbuy.api.bestbuyapiinfo.CategoriesCRUDWithSteps" name="Create new category"><failure message="1 expectation failed.&#10;Expected status code &lt;201&gt; but was &lt;404&gt;.&#10;" type="java.lang.AssertionError">1 expectation failed.
Expected status code &lt;201&gt; but was &lt;404&gt;.
</failure><system-err>1 expectation failed.
Expected status code &lt;201&gt; but was &lt;404&gt;.
&#13;
io.restassured.internal.ResponseSpecificationImpl.validateResponseIfRequired(ResponseSpecificationImpl.groovy:636)&#13;
io.restassured.internal.ResponseSpecificationImpl.statusCode(ResponseSpecificationImpl.groovy:122)&#13;
io.restassured.internal.ResponseSpecificationImpl.statusCode(ResponseSpecificationImpl.groovy:130)&#13;
io.restassured.internal.ValidatableResponseOptionsImpl.statusCode(ValidatableResponseOptionsImpl.java:117)&#13;
com.bestbuy.api.bestbuyapiinfo.CategoriesCRUDWithSteps.test013(CategoriesCRUDWithSteps.java:24)&#13;
</system-err></testcase></testsuite>